<?xml version="1.0" encoding="UTF-8" ?>
<testsuite tests="2" failures="0" name="com.example.TestGreeter" time="0.14" errors="0" skipped="0">
  <properties>
    <property name="JOB_NAME" value="DeployToContainer"/>
    <property name="java.vendor" value="Amazon.com Inc."/>
    <property name="PWD" value="/var/lib/jenkins"/>
    <property name="sun.java.launcher" value="SUN_STANDARD"/>
    <property name="RUN_TESTS_DISPLAY_URL" value="http://65.2.179.104:8080/job/DeployToContainer/20/display/redirect?page=tests"/>
    <property name="sun.management.compiler" value="HotSpot 64-Bit Tiered Compilers"/>
    <property name="JENKINS_HOME" value="/var/lib/jenkins"/>
    <property name="PATH" value="/usr/lib/jvm/java-17-amazon-corretto.x86_64/bin:/usr/local/sbin:/usr/local/bin:/usr/sbin:/usr/bin"/>
    <property name="HUDSON_SERVER_COOKIE" value="f4abeca5f7bd257f"/>
    <property name="POM_ARTIFACTID" value="maven-project"/>
    <property name="os.name" value="Linux"/>
    <property name="EXECUTOR_NUMBER" value="0"/>
    <property name="java.vm.specification.vendor" value="Oracle Corporation"/>
    <property name="POM_DISPLAYNAME" value="Maven Project"/>
    <property name="NODE_LABELS" value="built-in"/>
    <property name="java.runtime.version" value="17.0.9+8-LTS"/>
    <property name="log4jFixerAgentVersion" value="1"/>
    <property name="user.name" value="jenkins"/>
    <property name="NOTIFY_SOCKET" value="/run/systemd/notify"/>
    <property name="guice.disable.misplaced.annotation.check" value="true"/>
    <property name="user.language" value="en"/>
    <property name="JOB_BASE_NAME" value="DeployToContainer"/>
    <property name="RUN_CHANGES_DISPLAY_URL" value="http://65.2.179.104:8080/job/DeployToContainer/20/display/redirect?page=changes"/>
    <property name="BUILD_DISPLAY_NAME" value="#20"/>
    <property name="sun.boot.library.path" value="/usr/lib/jvm/java-17-amazon-corretto.x86_64/lib"/>
    <property name="GIT_PREVIOUS_SUCCESSFUL_COMMIT" value="9125a2e0e8d35ae64e52653fe8b07779fb154da6"/>
    <property name="java.vm.compressedOopsMode" value="32-bit"/>
    <property name="java.version" value="17.0.9"/>
    <property name="user.timezone" value="UTC"/>
    <property name="sun.arch.data.model" value="64"/>
    <property name="NODE_NAME" value="built-in"/>
    <property name="BUILD_ID" value="20"/>
    <property name="sun.jnu.encoding" value="UTF-8"/>
    <property name="SHELL" value="/bin/false"/>
    <property name="file.separator" value="/"/>
    <property name="java.specification.name" value="Java Platform API Specification"/>
    <property name="maven.conf" value="/opt/maven/conf"/>
    <property name="java.class.version" value="61.0"/>
    <property name="org.slf4j.simpleLogger.defaultLogLevel" value="info"/>
    <property name="user.country" value="US"/>
    <property name="java.home" value="/usr/lib/jvm/java-17-amazon-corretto.x86_64"/>
    <property name="java.vm.info" value="mixed mode, sharing"/>
    <property name="os.version" value="5.10.201-191.748.amzn2.x86_64"/>
    <property name="RUN_DISPLAY_URL" value="http://65.2.179.104:8080/job/DeployToContainer/20/display/redirect"/>
    <property name="POM_VERSION" value="1.0-SNAPSHOT"/>
    <property name="sun.font.fontmanager" value="sun.awt.X11FontManager"/>
    <property name="path.separator" value=":"/>
    <property name="RUN_ARTIFACTS_DISPLAY_URL" value="http://65.2.179.104:8080/job/DeployToContainer/20/display/redirect?page=artifacts"/>
    <property name="java.vm.version" value="17.0.9+8-LTS"/>
    <property name="GIT_PREVIOUS_COMMIT" value="9125a2e0e8d35ae64e52653fe8b07779fb154da6"/>
    <property name="JOB_DISPLAY_URL" value="http://65.2.179.104:8080/job/DeployToContainer/display/redirect"/>
    <property name="SHLVL" value="0"/>
    <property name="JAVA_HOME" value="/usr/lib/jvm/java-17-amazon-corretto.x86_64"/>
    <property name="sun.io.unicode.encoding" value="UnicodeLittle"/>
    <property name="LOGNAME" value="jenkins"/>
    <property name="POM_PACKAGING" value="pom"/>
    <property name="HOME" value="/var/lib/jenkins"/>
    <property name="POM_GROUPID" value="com.example.maven-project"/>
    <property name="user.home" value="/var/lib/jenkins"/>
    <property name="BUILD_TAG" value="jenkins-DeployToContainer-20"/>
    <property name="JENKINS_SERVER_COOKIE" value="f4abeca5f7bd257f"/>
    <property name="HUDSON_URL" value="http://65.2.179.104:8080/"/>
    <property name="java.version.date" value="2023-10-17"/>
    <property name="java.specification.vendor" value="Oracle Corporation"/>
    <property name="CLASSPATH" value=""/>
    <property name="java.library.path" value="/usr/java/packages/lib:/usr/lib64:/lib64:/lib:/usr/lib"/>
    <property name="java.vendor.url" value="https://aws.amazon.com/corretto/"/>
    <property name="java.vm.vendor" value="Amazon.com Inc."/>
    <property name="java.runtime.name" value="OpenJDK Runtime Environment"/>
    <property name="maven.home" value="/opt/maven"/>
    <property name="sun.java.command" value="jenkins.maven3.agent.Maven35Main /opt/maven /var/lib/jenkins/%C/jenkins/war/WEB-INF/lib/remoting-3160.vd76b_9ddd10cc.jar /var/lib/jenkins/plugins/maven-plugin/WEB-INF/lib/maven35-interceptor-1.14.jar /var/lib/jenkins/plugins/maven-plugin/WEB-INF/lib/maven3-interceptor-commons-1.14.jar 46783"/>
    <property name="java.class.path" value="/var/lib/jenkins/plugins/maven-plugin/WEB-INF/lib/maven35-agent-1.14.jar:/opt/maven/boot/plexus-classworlds-2.7.0.jar:/opt/maven/conf/logging"/>
    <property name="native.encoding" value="UTF-8"/>
    <property name="jdk.debug" value="release"/>
    <property name="java.vm.specification.name" value="Java Virtual Machine Specification"/>
    <property name="jansi.mode" value="strip"/>
    <property name="PATH+JDK" value="/usr/lib/jvm/java-17-amazon-corretto.x86_64/bin"/>
    <property name="java.vm.specification.version" value="17"/>
    <property name="M2_HOME" value="/opt/maven"/>
    <property name="sun.cpu.endian" value="little"/>
    <property name="CI" value="true"/>
    <property name="java.io.tmpdir" value="/tmp"/>
    <property name="HUDSON_HOME" value="/var/lib/jenkins"/>
    <property name="PATH+MAVEN" value="/opt/maven/bin"/>
    <property name="java.vendor.url.bug" value="https://github.com/corretto/corretto-17/issues/"/>
    <property name="BUILD_URL" value="http://65.2.179.104:8080/job/DeployToContainer/20/"/>
    <property name="os.arch" value="amd64"/>
    <property name="user.dir" value="/var/lib/jenkins/workspace/DeployToContainer"/>
    <property name="JOB_URL" value="http://65.2.179.104:8080/job/DeployToContainer/"/>
    <property name="MAVEN_HOME" value="/opt/maven"/>
    <property name="line.separator" value="
"/>
    <property name="java.vm.name" value="OpenJDK 64-Bit Server VM"/>
    <property name="BUILD_NUMBER" value="20"/>
    <property name="JENKINS_URL" value="http://65.2.179.104:8080/"/>
    <property name="GIT_BRANCH" value="origin/master"/>
    <property name="GIT_COMMIT" value="9125a2e0e8d35ae64e52653fe8b07779fb154da6"/>
    <property name="LANG" value="en_US.UTF-8"/>
    <property name="file.encoding" value="UTF-8"/>
    <property name="maven3.interceptor" value="/var/lib/jenkins/plugins/maven-plugin/WEB-INF/lib/maven35-interceptor-1.14.jar"/>
    <property name="WORKSPACE_TMP" value="/var/lib/jenkins/workspace/DeployToContainer@tmp"/>
    <property name="WORKSPACE" value="/var/lib/jenkins/workspace/DeployToContainer"/>
    <property name="maven3.interceptor.common" value="/var/lib/jenkins/plugins/maven-plugin/WEB-INF/lib/maven3-interceptor-commons-1.14.jar"/>
    <property name="java.specification.version" value="17"/>
    <property name="java.vendor.version" value="Corretto-17.0.9.8.1"/>
    <property name="USER" value="jenkins"/>
    <property name="GIT_URL" value="https://github.com/RishabhAlchetti/hello-world.git"/>
  </properties>
  <testcase classname="com.example.TestGreeter" name="greetShouldIncludeTheOneBeingGreeted" time="0.011"/>
  <testcase classname="com.example.TestGreeter" name="greetShouldIncludeGreetingPhrase" time="0.011"/>
</testsuite>